2023/12/30 16:49:55 [emerg] 1#1: host not found in upstream "php_receiver" in /etc/nginx/conf.d/default.conf:27
2023/12/30 16:50:06 [notice] 1#1: using the "epoll" event method
2023/12/30 16:50:06 [notice] 1#1: nginx/1.23.3
2023/12/30 16:50:06 [notice] 1#1: built by gcc 10.2.1 20210110 (Debian 10.2.1-6) 
2023/12/30 16:50:06 [notice] 1#1: OS: Linux 5.19.0-35-generic
2023/12/30 16:50:06 [notice] 1#1: getrlimit(RLIMIT_NOFILE): 1048576:1048576
2023/12/30 16:50:06 [notice] 1#1: start worker processes
2023/12/30 16:50:06 [notice] 1#1: start worker process 28
2023/12/30 16:50:06 [notice] 1#1: start worker process 29
2023/12/30 16:50:06 [notice] 1#1: start worker process 30
2023/12/30 16:50:06 [notice] 1#1: start worker process 31
2023/12/30 16:50:06 [notice] 1#1: start worker process 32
2023/12/30 16:50:06 [notice] 1#1: start worker process 33
2023/12/30 16:50:06 [notice] 1#1: start worker process 34
2023/12/30 16:50:06 [notice] 1#1: start worker process 35
2023/12/30 16:50:06 [notice] 1#1: start worker process 36
2023/12/30 16:50:06 [notice] 1#1: start worker process 37
2023/12/30 16:50:06 [notice] 1#1: start worker process 38
2023/12/30 16:50:06 [notice] 1#1: start worker process 39
2023/12/30 19:55:49 [notice] 1#1: signal 3 (SIGQUIT) received, shutting down
2023/12/30 19:55:49 [notice] 28#28: gracefully shutting down
2023/12/30 19:55:49 [notice] 28#28: exiting
2023/12/30 19:55:49 [notice] 28#28: exit
2023/12/30 19:55:49 [notice] 30#30: gracefully shutting down
2023/12/30 19:55:49 [notice] 30#30: exiting
2023/12/30 19:55:49 [notice] 30#30: exit
2023/12/30 19:55:49 [notice] 29#29: gracefully shutting down
2023/12/30 19:55:49 [notice] 29#29: exiting
2023/12/30 19:55:49 [notice] 29#29: exit
2023/12/30 19:55:49 [notice] 32#32: gracefully shutting down
2023/12/30 19:55:49 [notice] 32#32: exiting
2023/12/30 19:55:49 [notice] 32#32: exit
2023/12/30 19:55:49 [notice] 34#34: gracefully shutting down
2023/12/30 19:55:49 [notice] 33#33: gracefully shutting down
2023/12/30 19:55:49 [notice] 34#34: exiting
2023/12/30 19:55:49 [notice] 33#33: exiting
2023/12/30 19:55:49 [notice] 34#34: exit
2023/12/30 19:55:49 [notice] 33#33: exit
2023/12/30 19:55:49 [notice] 36#36: gracefully shutting down
2023/12/30 19:55:49 [notice] 36#36: exiting
2023/12/30 19:55:49 [notice] 36#36: exit
2023/12/30 19:55:49 [notice] 31#31: gracefully shutting down
2023/12/30 19:55:49 [notice] 31#31: exiting
2023/12/30 19:55:49 [notice] 31#31: exit
2023/12/30 19:55:49 [notice] 35#35: gracefully shutting down
2023/12/30 19:55:49 [notice] 35#35: exiting
2023/12/30 19:55:49 [notice] 35#35: exit
2023/12/30 19:55:49 [notice] 37#37: gracefully shutting down
2023/12/30 19:55:49 [notice] 37#37: exiting
2023/12/30 19:55:49 [notice] 37#37: exit
2023/12/30 19:55:49 [notice] 38#38: gracefully shutting down
2023/12/30 19:55:49 [notice] 38#38: exiting
2023/12/30 19:55:49 [notice] 38#38: exit
2023/12/30 19:55:49 [notice] 39#39: gracefully shutting down
2023/12/30 19:55:49 [notice] 39#39: exiting
2023/12/30 19:55:49 [notice] 39#39: exit
2023/12/30 19:55:49 [notice] 1#1: signal 17 (SIGCHLD) received from 33
2023/12/30 19:55:49 [notice] 1#1: worker process 33 exited with code 0
2023/12/30 19:55:49 [notice] 1#1: signal 29 (SIGIO) received
2023/12/30 19:55:49 [notice] 1#1: signal 17 (SIGCHLD) received from 32
2023/12/30 19:55:49 [notice] 1#1: worker process 32 exited with code 0
2023/12/30 19:55:49 [notice] 1#1: signal 29 (SIGIO) received
2023/12/30 19:55:49 [notice] 1#1: signal 17 (SIGCHLD) received from 30
2023/12/30 19:55:49 [notice] 1#1: worker process 30 exited with code 0
2023/12/30 19:55:49 [notice] 1#1: signal 29 (SIGIO) received
2023/12/30 19:55:49 [notice] 1#1: signal 17 (SIGCHLD) received from 28
2023/12/30 19:55:49 [notice] 1#1: worker process 28 exited with code 0
2023/12/30 19:55:49 [notice] 1#1: signal 29 (SIGIO) received
2023/12/30 19:55:49 [notice] 1#1: signal 17 (SIGCHLD) received from 29
2023/12/30 19:55:49 [notice] 1#1: worker process 29 exited with code 0
2023/12/30 19:55:49 [notice] 1#1: signal 29 (SIGIO) received
2023/12/30 19:55:49 [notice] 1#1: signal 17 (SIGCHLD) received from 36
2023/12/30 19:55:49 [notice] 1#1: worker process 31 exited with code 0
2023/12/30 19:55:49 [notice] 1#1: worker process 34 exited with code 0
2023/12/30 19:55:49 [notice] 1#1: worker process 35 exited with code 0
2023/12/30 19:55:49 [notice] 1#1: worker process 36 exited with code 0
2023/12/30 19:55:49 [notice] 1#1: worker process 37 exited with code 0
2023/12/30 19:55:49 [notice] 1#1: worker process 38 exited with code 0
2023/12/30 19:55:49 [notice] 1#1: signal 29 (SIGIO) received
2023/12/30 19:55:49 [notice] 1#1: signal 17 (SIGCHLD) received from 37
2023/12/30 19:55:49 [notice] 1#1: signal 17 (SIGCHLD) received from 39
2023/12/30 19:55:49 [notice] 1#1: worker process 39 exited with code 0
2023/12/30 19:55:49 [notice] 1#1: exit
2023/12/31 07:23:10 [emerg] 1#1: host not found in upstream "php_receiver" in /etc/nginx/conf.d/default.conf:27
2023/12/31 07:23:12 [notice] 1#1: using the "epoll" event method
2023/12/31 07:23:12 [notice] 1#1: nginx/1.23.3
2023/12/31 07:23:12 [notice] 1#1: built by gcc 10.2.1 20210110 (Debian 10.2.1-6) 
2023/12/31 07:23:12 [notice] 1#1: OS: Linux 5.19.0-35-generic
2023/12/31 07:23:12 [notice] 1#1: getrlimit(RLIMIT_NOFILE): 1048576:1048576
2023/12/31 07:23:12 [notice] 1#1: start worker processes
2023/12/31 07:23:12 [notice] 1#1: start worker process 28
2023/12/31 07:23:12 [notice] 1#1: start worker process 29
2023/12/31 07:23:12 [notice] 1#1: start worker process 30
2023/12/31 07:23:12 [notice] 1#1: start worker process 31
2023/12/31 07:23:12 [notice] 1#1: start worker process 32
2023/12/31 07:23:12 [notice] 1#1: start worker process 33
2023/12/31 07:23:12 [notice] 1#1: start worker process 34
2023/12/31 07:23:12 [notice] 1#1: start worker process 35
2023/12/31 07:23:12 [notice] 1#1: start worker process 36
2023/12/31 07:23:12 [notice] 1#1: start worker process 37
2023/12/31 07:23:12 [notice] 1#1: start worker process 38
2023/12/31 07:23:12 [notice] 1#1: start worker process 39
2023/12/31 12:10:49 [notice] 1#1: signal 3 (SIGQUIT) received, shutting down
2023/12/31 12:10:49 [notice] 29#29: gracefully shutting down
2023/12/31 12:10:49 [notice] 30#30: gracefully shutting down
2023/12/31 12:10:49 [notice] 29#29: exiting
2023/12/31 12:10:49 [notice] 30#30: exiting
2023/12/31 12:10:49 [notice] 29#29: exit
2023/12/31 12:10:49 [notice] 30#30: exit
2023/12/31 12:10:49 [notice] 28#28: gracefully shutting down
2023/12/31 12:10:49 [notice] 28#28: exiting
2023/12/31 12:10:49 [notice] 28#28: exit
2023/12/31 12:10:49 [notice] 35#35: gracefully shutting down
2023/12/31 12:10:49 [notice] 35#35: exiting
2023/12/31 12:10:49 [notice] 35#35: exit
2023/12/31 12:10:49 [notice] 34#34: gracefully shutting down
2023/12/31 12:10:49 [notice] 34#34: exiting
2023/12/31 12:10:49 [notice] 34#34: exit
2023/12/31 12:10:49 [notice] 33#33: gracefully shutting down
2023/12/31 12:10:49 [notice] 33#33: exiting
2023/12/31 12:10:49 [notice] 33#33: exit
2023/12/31 12:10:49 [notice] 32#32: gracefully shutting down
2023/12/31 12:10:49 [notice] 32#32: exiting
2023/12/31 12:10:49 [notice] 32#32: exit
2023/12/31 12:10:49 [notice] 31#31: gracefully shutting down
2023/12/31 12:10:49 [notice] 31#31: exiting
2023/12/31 12:10:49 [notice] 31#31: exit
2023/12/31 12:10:49 [notice] 37#37: gracefully shutting down
2023/12/31 12:10:49 [notice] 39#39: gracefully shutting down
2023/12/31 12:10:49 [notice] 37#37: exiting
2023/12/31 12:10:49 [notice] 39#39: exiting
2023/12/31 12:10:49 [notice] 39#39: exit
2023/12/31 12:10:49 [notice] 37#37: exit
2023/12/31 12:10:49 [notice] 36#36: gracefully shutting down
2023/12/31 12:10:49 [notice] 36#36: exiting
2023/12/31 12:10:49 [notice] 36#36: exit
2023/12/31 12:10:49 [notice] 38#38: gracefully shutting down
2023/12/31 12:10:49 [notice] 38#38: exiting
2023/12/31 12:10:49 [notice] 38#38: exit
2023/12/31 12:10:49 [notice] 1#1: signal 17 (SIGCHLD) received from 36
2023/12/31 12:10:49 [notice] 1#1: worker process 36 exited with code 0
2023/12/31 12:10:49 [notice] 1#1: signal 29 (SIGIO) received
2023/12/31 12:10:49 [notice] 1#1: signal 17 (SIGCHLD) received from 30
2023/12/31 12:10:49 [notice] 1#1: worker process 29 exited with code 0
2023/12/31 12:10:49 [notice] 1#1: worker process 28 exited with code 0
2023/12/31 12:10:49 [notice] 1#1: worker process 30 exited with code 0
2023/12/31 12:10:49 [notice] 1#1: worker process 32 exited with code 0
2023/12/31 12:10:49 [notice] 1#1: worker process 33 exited with code 0
2023/12/31 12:10:49 [notice] 1#1: worker process 34 exited with code 0
2023/12/31 12:10:49 [notice] 1#1: worker process 35 exited with code 0
2023/12/31 12:10:49 [notice] 1#1: worker process 37 exited with code 0
2023/12/31 12:10:49 [notice] 1#1: worker process 39 exited with code 0
2023/12/31 12:10:49 [notice] 1#1: signal 29 (SIGIO) received
2023/12/31 12:10:49 [notice] 1#1: signal 17 (SIGCHLD) received from 28
2023/12/31 12:10:49 [notice] 1#1: signal 17 (SIGCHLD) received from 31
2023/12/31 12:10:49 [notice] 1#1: worker process 31 exited with code 0
2023/12/31 12:10:49 [notice] 1#1: worker process 38 exited with code 0
2023/12/31 12:10:49 [notice] 1#1: exit
2023/12/31 16:01:27 [emerg] 1#1: host not found in upstream "php_receiver" in /etc/nginx/conf.d/default.conf:27
2023/12/31 16:01:37 [notice] 1#1: using the "epoll" event method
2023/12/31 16:01:37 [notice] 1#1: nginx/1.23.3
2023/12/31 16:01:37 [notice] 1#1: built by gcc 10.2.1 20210110 (Debian 10.2.1-6) 
2023/12/31 16:01:37 [notice] 1#1: OS: Linux 5.19.0-35-generic
2023/12/31 16:01:37 [notice] 1#1: getrlimit(RLIMIT_NOFILE): 1048576:1048576
2023/12/31 16:01:37 [notice] 1#1: start worker processes
2023/12/31 16:01:37 [notice] 1#1: start worker process 28
2023/12/31 16:01:37 [notice] 1#1: start worker process 29
2023/12/31 16:01:37 [notice] 1#1: start worker process 30
2023/12/31 16:01:37 [notice] 1#1: start worker process 31
2023/12/31 16:01:37 [notice] 1#1: start worker process 32
2023/12/31 16:01:37 [notice] 1#1: start worker process 33
2023/12/31 16:01:37 [notice] 1#1: start worker process 34
2023/12/31 16:01:37 [notice] 1#1: start worker process 35
2023/12/31 16:01:37 [notice] 1#1: start worker process 36
2023/12/31 16:01:37 [notice] 1#1: start worker process 37
2023/12/31 16:01:37 [notice] 1#1: start worker process 38
2023/12/31 16:01:37 [notice] 1#1: start worker process 39
2023/12/31 20:18:39 [notice] 1#1: signal 3 (SIGQUIT) received, shutting down
2023/12/31 20:18:39 [notice] 36#36: gracefully shutting down
2023/12/31 20:18:39 [notice] 36#36: exiting
2023/12/31 20:18:39 [notice] 36#36: exit
2023/12/31 20:18:39 [notice] 39#39: gracefully shutting down
2023/12/31 20:18:39 [notice] 39#39: exiting
2023/12/31 20:18:39 [notice] 39#39: exit
2023/12/31 20:18:39 [notice] 28#28: gracefully shutting down
2023/12/31 20:18:39 [notice] 28#28: exiting
2023/12/31 20:18:39 [notice] 28#28: exit
2023/12/31 20:18:39 [notice] 37#37: gracefully shutting down
2023/12/31 20:18:39 [notice] 37#37: exiting
2023/12/31 20:18:39 [notice] 37#37: exit
2023/12/31 20:18:39 [notice] 29#29: gracefully shutting down
2023/12/31 20:18:39 [notice] 29#29: exiting
2023/12/31 20:18:39 [notice] 29#29: exit
2023/12/31 20:18:39 [notice] 33#33: gracefully shutting down
2023/12/31 20:18:39 [notice] 33#33: exiting
2023/12/31 20:18:39 [notice] 33#33: exit
2023/12/31 20:18:39 [notice] 31#31: gracefully shutting down
2023/12/31 20:18:39 [notice] 31#31: exiting
2023/12/31 20:18:39 [notice] 31#31: exit
2023/12/31 20:18:39 [notice] 30#30: gracefully shutting down
2023/12/31 20:18:39 [notice] 30#30: exiting
2023/12/31 20:18:39 [notice] 32#32: gracefully shutting down
2023/12/31 20:18:39 [notice] 32#32: exiting
2023/12/31 20:18:39 [notice] 30#30: exit
2023/12/31 20:18:39 [notice] 32#32: exit
2023/12/31 20:18:39 [notice] 34#34: gracefully shutting down
2023/12/31 20:18:39 [notice] 34#34: exiting
2023/12/31 20:18:39 [notice] 34#34: exit
2023/12/31 20:18:39 [notice] 38#38: gracefully shutting down
2023/12/31 20:18:39 [notice] 38#38: exiting
2023/12/31 20:18:39 [notice] 38#38: exit
2023/12/31 20:18:39 [notice] 35#35: gracefully shutting down
2023/12/31 20:18:39 [notice] 35#35: exiting
2023/12/31 20:18:39 [notice] 35#35: exit
2023/12/31 20:18:39 [notice] 1#1: signal 17 (SIGCHLD) received from 36
2023/12/31 20:18:39 [notice] 1#1: worker process 36 exited with code 0
2023/12/31 20:18:39 [notice] 1#1: signal 29 (SIGIO) received
2023/12/31 20:18:39 [notice] 1#1: signal 17 (SIGCHLD) received from 39
2023/12/31 20:18:39 [notice] 1#1: worker process 39 exited with code 0
2023/12/31 20:18:39 [notice] 1#1: signal 29 (SIGIO) received
2023/12/31 20:18:39 [notice] 1#1: signal 17 (SIGCHLD) received from 37
2023/12/31 20:18:39 [notice] 1#1: worker process 37 exited with code 0
2023/12/31 20:18:39 [notice] 1#1: signal 29 (SIGIO) received
2023/12/31 20:18:39 [notice] 1#1: signal 17 (SIGCHLD) received from 33
2023/12/31 20:18:39 [notice] 1#1: worker process 33 exited with code 0
2023/12/31 20:18:39 [notice] 1#1: signal 29 (SIGIO) received
2023/12/31 20:18:39 [notice] 1#1: signal 17 (SIGCHLD) received from 32
2023/12/31 20:18:39 [notice] 1#1: worker process 32 exited with code 0
2023/12/31 20:18:39 [notice] 1#1: signal 29 (SIGIO) received
2023/12/31 20:18:39 [notice] 1#1: signal 17 (SIGCHLD) received from 38
2023/12/31 20:18:39 [notice] 1#1: worker process 38 exited with code 0
2023/12/31 20:18:39 [notice] 1#1: signal 29 (SIGIO) received
2023/12/31 20:18:39 [notice] 1#1: signal 17 (SIGCHLD) received from 28
2023/12/31 20:18:39 [notice] 1#1: worker process 28 exited with code 0
2023/12/31 20:18:39 [notice] 1#1: worker process 29 exited with code 0
2023/12/31 20:18:39 [notice] 1#1: worker process 31 exited with code 0
2023/12/31 20:18:39 [notice] 1#1: worker process 34 exited with code 0
2023/12/31 20:18:39 [notice] 1#1: signal 29 (SIGIO) received
2023/12/31 20:18:39 [notice] 1#1: signal 17 (SIGCHLD) received from 35
2023/12/31 20:18:39 [notice] 1#1: worker process 35 exited with code 0
2023/12/31 20:18:39 [notice] 1#1: signal 29 (SIGIO) received
2023/12/31 20:18:39 [notice] 1#1: signal 17 (SIGCHLD) received from 30
2023/12/31 20:18:39 [notice] 1#1: worker process 30 exited with code 0
2023/12/31 20:18:39 [notice] 1#1: exit
2024/01/01 08:50:13 [emerg] 1#1: host not found in upstream "php_sender" in /etc/nginx/conf.d/default.conf:15
2024/01/01 08:50:17 [notice] 1#1: using the "epoll" event method
2024/01/01 08:50:17 [notice] 1#1: nginx/1.23.3
2024/01/01 08:50:17 [notice] 1#1: built by gcc 10.2.1 20210110 (Debian 10.2.1-6) 
2024/01/01 08:50:17 [notice] 1#1: OS: Linux 5.19.0-35-generic
2024/01/01 08:50:17 [notice] 1#1: getrlimit(RLIMIT_NOFILE): 1048576:1048576
2024/01/01 08:50:17 [notice] 1#1: start worker processes
2024/01/01 08:50:17 [notice] 1#1: start worker process 28
2024/01/01 08:50:17 [notice] 1#1: start worker process 29
2024/01/01 08:50:17 [notice] 1#1: start worker process 30
2024/01/01 08:50:17 [notice] 1#1: start worker process 31
2024/01/01 08:50:17 [notice] 1#1: start worker process 32
2024/01/01 08:50:17 [notice] 1#1: start worker process 33
2024/01/01 08:50:17 [notice] 1#1: start worker process 34
2024/01/01 08:50:17 [notice] 1#1: start worker process 35
2024/01/01 08:50:17 [notice] 1#1: start worker process 36
2024/01/01 08:50:17 [notice] 1#1: start worker process 37
2024/01/01 08:50:17 [notice] 1#1: start worker process 38
2024/01/01 08:50:17 [notice] 1#1: start worker process 39
2024/01/01 09:19:10 [notice] 1#1: signal 3 (SIGQUIT) received, shutting down
2024/01/01 09:19:10 [notice] 28#28: gracefully shutting down
2024/01/01 09:19:10 [notice] 30#30: gracefully shutting down
2024/01/01 09:19:10 [notice] 31#31: gracefully shutting down
2024/01/01 09:19:10 [notice] 32#32: gracefully shutting down
2024/01/01 09:19:10 [notice] 29#29: gracefully shutting down
2024/01/01 09:19:10 [notice] 28#28: exiting
2024/01/01 09:19:10 [notice] 33#33: gracefully shutting down
2024/01/01 09:19:10 [notice] 30#30: exiting
2024/01/01 09:19:10 [notice] 31#31: exiting
2024/01/01 09:19:10 [notice] 32#32: exiting
2024/01/01 09:19:10 [notice] 35#35: gracefully shutting down
2024/01/01 09:19:10 [notice] 29#29: exiting
2024/01/01 09:19:10 [notice] 34#34: gracefully shutting down
2024/01/01 09:19:10 [notice] 33#33: exiting
2024/01/01 09:19:10 [notice] 35#35: exiting
2024/01/01 09:19:10 [notice] 34#34: exiting
2024/01/01 09:19:10 [notice] 30#30: exit
2024/01/01 09:19:10 [notice] 28#28: exit
2024/01/01 09:19:10 [notice] 32#32: exit
2024/01/01 09:19:10 [notice] 31#31: exit
2024/01/01 09:19:10 [notice] 29#29: exit
2024/01/01 09:19:10 [notice] 33#33: exit
2024/01/01 09:19:10 [notice] 35#35: exit
2024/01/01 09:19:10 [notice] 34#34: exit
2024/01/01 09:19:10 [notice] 36#36: gracefully shutting down
2024/01/01 09:19:10 [notice] 38#38: gracefully shutting down
2024/01/01 09:19:10 [notice] 36#36: exiting
2024/01/01 09:19:10 [notice] 38#38: exiting
2024/01/01 09:19:10 [notice] 36#36: exit
2024/01/01 09:19:10 [notice] 38#38: exit
2024/01/01 09:19:10 [notice] 37#37: gracefully shutting down
2024/01/01 09:19:10 [notice] 39#39: gracefully shutting down
2024/01/01 09:19:10 [notice] 37#37: exiting
2024/01/01 09:19:10 [notice] 39#39: exiting
2024/01/01 09:19:10 [notice] 37#37: exit
2024/01/01 09:19:10 [notice] 39#39: exit
2024/01/01 09:19:10 [notice] 1#1: signal 17 (SIGCHLD) received from 28
2024/01/01 09:19:10 [notice] 1#1: worker process 28 exited with code 0
2024/01/01 09:19:10 [notice] 1#1: worker process 31 exited with code 0
2024/01/01 09:19:10 [notice] 1#1: signal 29 (SIGIO) received
2024/01/01 09:19:10 [notice] 1#1: signal 17 (SIGCHLD) received from 31
2024/01/01 09:19:10 [notice] 1#1: worker process 30 exited with code 0
2024/01/01 09:19:10 [notice] 1#1: signal 29 (SIGIO) received
2024/01/01 09:19:10 [notice] 1#1: signal 17 (SIGCHLD) received from 35
2024/01/01 09:19:10 [notice] 1#1: worker process 32 exited with code 0
2024/01/01 09:19:10 [notice] 1#1: worker process 35 exited with code 0
2024/01/01 09:19:10 [notice] 1#1: worker process 37 exited with code 0
2024/01/01 09:19:10 [notice] 1#1: signal 29 (SIGIO) received
2024/01/01 09:19:10 [notice] 1#1: signal 17 (SIGCHLD) received from 32
2024/01/01 09:19:10 [notice] 1#1: signal 17 (SIGCHLD) received from 38
2024/01/01 09:19:10 [notice] 1#1: worker process 38 exited with code 0
2024/01/01 09:19:10 [notice] 1#1: signal 29 (SIGIO) received
2024/01/01 09:19:10 [notice] 1#1: signal 17 (SIGCHLD) received from 36
2024/01/01 09:19:10 [notice] 1#1: worker process 36 exited with code 0
2024/01/01 09:19:10 [notice] 1#1: signal 29 (SIGIO) received
2024/01/01 09:19:10 [notice] 1#1: signal 17 (SIGCHLD) received from 33
2024/01/01 09:19:10 [notice] 1#1: worker process 33 exited with code 0
2024/01/01 09:19:10 [notice] 1#1: signal 29 (SIGIO) received
2024/01/01 09:19:10 [notice] 1#1: signal 17 (SIGCHLD) received from 34
2024/01/01 09:19:10 [notice] 1#1: worker process 34 exited with code 0
2024/01/01 09:19:10 [notice] 1#1: signal 29 (SIGIO) received
2024/01/01 09:19:10 [notice] 1#1: signal 17 (SIGCHLD) received from 39
2024/01/01 09:19:10 [notice] 1#1: worker process 39 exited with code 0
2024/01/01 09:19:10 [notice] 1#1: signal 29 (SIGIO) received
2024/01/01 09:19:10 [notice] 1#1: signal 17 (SIGCHLD) received from 29
2024/01/01 09:19:10 [notice] 1#1: worker process 29 exited with code 0
2024/01/01 09:19:10 [notice] 1#1: exit
2024/01/01 09:24:40 [emerg] 1#1: host not found in upstream "php_receiver" in /etc/nginx/conf.d/default.conf:27
2024/01/01 09:24:41 [emerg] 1#1: host not found in upstream "php_receiver" in /etc/nginx/conf.d/default.conf:27
2024/01/01 09:24:42 [emerg] 1#1: host not found in upstream "php_receiver" in /etc/nginx/conf.d/default.conf:27
2024/01/01 09:24:43 [emerg] 1#1: host not found in upstream "php_receiver" in /etc/nginx/conf.d/default.conf:27
2024/01/01 09:24:44 [emerg] 1#1: host not found in upstream "php_receiver" in /etc/nginx/conf.d/default.conf:27
2024/01/01 09:24:46 [emerg] 1#1: host not found in upstream "php_receiver" in /etc/nginx/conf.d/default.conf:27
2024/01/01 09:24:50 [emerg] 1#1: host not found in upstream "php_receiver" in /etc/nginx/conf.d/default.conf:27
2024/01/01 09:24:56 [emerg] 1#1: host not found in upstream "php_receiver" in /etc/nginx/conf.d/default.conf:27
2024/01/01 09:25:09 [emerg] 1#1: host not found in upstream "php_receiver" in /etc/nginx/conf.d/default.conf:27
2024/01/01 09:25:35 [emerg] 1#1: host not found in upstream "php_receiver" in /etc/nginx/conf.d/default.conf:27
2024/01/01 09:26:27 [emerg] 1#1: host not found in upstream "php_receiver" in /etc/nginx/conf.d/default.conf:27
2024/01/01 09:27:17 [emerg] 1#1: host not found in upstream "php_receiver" in /etc/nginx/conf.d/default.conf:27
2024/01/01 09:27:17 [emerg] 1#1: host not found in upstream "php_receiver" in /etc/nginx/conf.d/default.conf:27
2024/01/01 09:27:18 [emerg] 1#1: host not found in upstream "php_receiver" in /etc/nginx/conf.d/default.conf:27
2024/01/01 09:27:19 [emerg] 1#1: host not found in upstream "php_receiver" in /etc/nginx/conf.d/default.conf:27
2024/01/01 09:27:20 [emerg] 1#1: host not found in upstream "php_receiver" in /etc/nginx/conf.d/default.conf:27
2024/01/01 09:27:22 [emerg] 1#1: host not found in upstream "php_receiver" in /etc/nginx/conf.d/default.conf:27
2024/01/01 09:27:26 [emerg] 1#1: host not found in upstream "php_receiver" in /etc/nginx/conf.d/default.conf:27
2024/01/01 09:27:32 [emerg] 1#1: host not found in upstream "php_receiver" in /etc/nginx/conf.d/default.conf:27
2024/01/01 09:33:20 [emerg] 1#1: host not found in upstream "php_receiver" in /etc/nginx/conf.d/default.conf:27
2024/01/01 09:33:21 [emerg] 1#1: host not found in upstream "php_receiver" in /etc/nginx/conf.d/default.conf:27
2024/01/01 09:33:22 [emerg] 1#1: host not found in upstream "php_receiver" in /etc/nginx/conf.d/default.conf:27
2024/01/01 09:33:23 [emerg] 1#1: host not found in upstream "php_receiver" in /etc/nginx/conf.d/default.conf:27
2024/01/01 09:33:24 [emerg] 1#1: host not found in upstream "php_receiver" in /etc/nginx/conf.d/default.conf:27
2024/01/01 09:33:26 [emerg] 1#1: host not found in upstream "php_receiver" in /etc/nginx/conf.d/default.conf:27
2024/01/01 09:33:29 [emerg] 1#1: host not found in upstream "php_receiver" in /etc/nginx/conf.d/default.conf:27
2024/01/01 09:33:36 [emerg] 1#1: host not found in upstream "php_receiver" in /etc/nginx/conf.d/default.conf:27
2024/01/01 09:33:49 [emerg] 1#1: host not found in upstream "php_receiver" in /etc/nginx/conf.d/default.conf:27
2024/01/01 09:34:15 [notice] 1#1: using the "epoll" event method
2024/01/01 09:34:15 [notice] 1#1: nginx/1.23.3
2024/01/01 09:34:15 [notice] 1#1: built by gcc 10.2.1 20210110 (Debian 10.2.1-6) 
2024/01/01 09:34:15 [notice] 1#1: OS: Linux 5.19.0-35-generic
2024/01/01 09:34:15 [notice] 1#1: getrlimit(RLIMIT_NOFILE): 1048576:1048576
2024/01/01 09:34:15 [notice] 1#1: start worker processes
2024/01/01 09:34:15 [notice] 1#1: start worker process 28
2024/01/01 09:34:15 [notice] 1#1: start worker process 29
2024/01/01 09:34:15 [notice] 1#1: start worker process 30
2024/01/01 09:34:15 [notice] 1#1: start worker process 31
2024/01/01 09:34:15 [notice] 1#1: start worker process 32
2024/01/01 09:34:15 [notice] 1#1: start worker process 33
2024/01/01 09:34:15 [notice] 1#1: start worker process 34
2024/01/01 09:34:15 [notice] 1#1: start worker process 35
2024/01/01 09:34:15 [notice] 1#1: start worker process 36
2024/01/01 09:34:15 [notice] 1#1: start worker process 37
2024/01/01 09:34:15 [notice] 1#1: start worker process 38
2024/01/01 09:34:15 [notice] 1#1: start worker process 39
2024/01/01 09:34:45 [notice] 1#1: signal 3 (SIGQUIT) received, shutting down
2024/01/01 09:34:45 [notice] 28#28: gracefully shutting down
2024/01/01 09:34:45 [notice] 29#29: gracefully shutting down
2024/01/01 09:34:45 [notice] 30#30: gracefully shutting down
2024/01/01 09:34:45 [notice] 31#31: gracefully shutting down
2024/01/01 09:34:45 [notice] 32#32: gracefully shutting down
2024/01/01 09:34:45 [notice] 33#33: gracefully shutting down
2024/01/01 09:34:45 [notice] 34#34: gracefully shutting down
2024/01/01 09:34:45 [notice] 28#28: exiting
2024/01/01 09:34:45 [notice] 29#29: exiting
2024/01/01 09:34:45 [notice] 30#30: exiting
2024/01/01 09:34:45 [notice] 36#36: gracefully shutting down
2024/01/01 09:34:45 [notice] 31#31: exiting
2024/01/01 09:34:45 [notice] 38#38: gracefully shutting down
2024/01/01 09:34:45 [notice] 32#32: exiting
2024/01/01 09:34:45 [notice] 33#33: exiting
2024/01/01 09:34:45 [notice] 34#34: exiting
2024/01/01 09:34:45 [notice] 36#36: exiting
2024/01/01 09:34:45 [notice] 38#38: exiting
2024/01/01 09:34:45 [notice] 31#31: exit
2024/01/01 09:34:45 [notice] 30#30: exit
2024/01/01 09:34:45 [notice] 28#28: exit
2024/01/01 09:34:45 [notice] 29#29: exit
2024/01/01 09:34:45 [notice] 33#33: exit
2024/01/01 09:34:45 [notice] 32#32: exit
2024/01/01 09:34:45 [notice] 34#34: exit
2024/01/01 09:34:45 [notice] 36#36: exit
2024/01/01 09:34:45 [notice] 38#38: exit
2024/01/01 09:34:45 [notice] 39#39: gracefully shutting down
2024/01/01 09:34:45 [notice] 35#35: gracefully shutting down
2024/01/01 09:34:45 [notice] 37#37: gracefully shutting down
2024/01/01 09:34:45 [notice] 39#39: exiting
2024/01/01 09:34:45 [notice] 35#35: exiting
2024/01/01 09:34:45 [notice] 37#37: exiting
2024/01/01 09:34:45 [notice] 39#39: exit
2024/01/01 09:34:45 [notice] 35#35: exit
2024/01/01 09:34:45 [notice] 37#37: exit
2024/01/01 09:34:46 [notice] 1#1: signal 17 (SIGCHLD) received from 33
2024/01/01 09:34:46 [notice] 1#1: worker process 28 exited with code 0
2024/01/01 09:34:46 [notice] 1#1: worker process 33 exited with code 0
2024/01/01 09:34:46 [notice] 1#1: signal 29 (SIGIO) received
2024/01/01 09:34:46 [notice] 1#1: signal 17 (SIGCHLD) received from 28
2024/01/01 09:34:46 [notice] 1#1: signal 17 (SIGCHLD) received from 37
2024/01/01 09:34:46 [notice] 1#1: worker process 35 exited with code 0
2024/01/01 09:34:46 [notice] 1#1: worker process 36 exited with code 0
2024/01/01 09:34:46 [notice] 1#1: worker process 37 exited with code 0
2024/01/01 09:34:46 [notice] 1#1: signal 29 (SIGIO) received
2024/01/01 09:34:46 [notice] 1#1: signal 17 (SIGCHLD) received from 36
2024/01/01 09:34:46 [notice] 1#1: signal 17 (SIGCHLD) received from 34
2024/01/01 09:34:46 [notice] 1#1: worker process 34 exited with code 0
2024/01/01 09:34:46 [notice] 1#1: worker process 29 exited with code 0
2024/01/01 09:34:46 [notice] 1#1: worker process 32 exited with code 0
2024/01/01 09:34:46 [notice] 1#1: signal 29 (SIGIO) received
2024/01/01 09:34:46 [notice] 1#1: signal 17 (SIGCHLD) received from 32
2024/01/01 09:34:46 [notice] 1#1: signal 17 (SIGCHLD) received from 31
2024/01/01 09:34:46 [notice] 1#1: worker process 31 exited with code 0
2024/01/01 09:34:46 [notice] 1#1: signal 29 (SIGIO) received
2024/01/01 09:34:46 [notice] 1#1: signal 17 (SIGCHLD) received from 38
2024/01/01 09:34:46 [notice] 1#1: worker process 38 exited with code 0
2024/01/01 09:34:46 [notice] 1#1: signal 29 (SIGIO) received
2024/01/01 09:34:46 [notice] 1#1: signal 17 (SIGCHLD) received from 30
2024/01/01 09:34:46 [notice] 1#1: worker process 30 exited with code 0
2024/01/01 09:34:46 [notice] 1#1: signal 17 (SIGCHLD) received from 39
2024/01/01 09:34:46 [notice] 1#1: worker process 39 exited with code 0
2024/01/01 09:34:46 [notice] 1#1: exit
2024/01/01 09:35:08 [emerg] 1#1: host not found in upstream "php_receiver" in /etc/nginx/conf.d/default.conf:27
2024/01/01 09:35:09 [emerg] 1#1: host not found in upstream "php_receiver" in /etc/nginx/conf.d/default.conf:27
2024/01/01 09:35:10 [emerg] 1#1: host not found in upstream "php_receiver" in /etc/nginx/conf.d/default.conf:27
2024/01/01 09:35:10 [emerg] 1#1: host not found in upstream "php_receiver" in /etc/nginx/conf.d/default.conf:27
2024/01/01 09:35:12 [emerg] 1#1: host not found in upstream "php_receiver" in /etc/nginx/conf.d/default.conf:27
2024/01/01 09:35:13 [emerg] 1#1: host not found in upstream "php_receiver" in /etc/nginx/conf.d/default.conf:27
2024/01/01 09:35:19 [emerg] 1#1: host not found in upstream "php_receiver" in /etc/nginx/conf.d/default.conf:27
2024/01/01 09:35:26 [emerg] 1#1: host not found in upstream "php_receiver" in /etc/nginx/conf.d/default.conf:27
2024/01/01 09:35:39 [notice] 1#1: using the "epoll" event method
2024/01/01 09:35:39 [notice] 1#1: nginx/1.23.3
2024/01/01 09:35:39 [notice] 1#1: built by gcc 10.2.1 20210110 (Debian 10.2.1-6) 
2024/01/01 09:35:39 [notice] 1#1: OS: Linux 5.19.0-35-generic
2024/01/01 09:35:39 [notice] 1#1: getrlimit(RLIMIT_NOFILE): 1048576:1048576
2024/01/01 09:35:39 [notice] 1#1: start worker processes
2024/01/01 09:35:39 [notice] 1#1: start worker process 28
2024/01/01 09:35:39 [notice] 1#1: start worker process 29
2024/01/01 09:35:39 [notice] 1#1: start worker process 30
2024/01/01 09:35:39 [notice] 1#1: start worker process 31
2024/01/01 09:35:39 [notice] 1#1: start worker process 32
2024/01/01 09:35:39 [notice] 1#1: start worker process 33
2024/01/01 09:35:39 [notice] 1#1: start worker process 34
2024/01/01 09:35:39 [notice] 1#1: start worker process 35
2024/01/01 09:35:39 [notice] 1#1: start worker process 36
2024/01/01 09:35:39 [notice] 1#1: start worker process 37
2024/01/01 09:35:39 [notice] 1#1: start worker process 38
2024/01/01 09:35:39 [notice] 1#1: start worker process 39
